{"/Users/ben/web/api.deco.ts/src/helpers/query.ts": {"path":"/Users/ben/web/api.deco.ts/src/helpers/query.ts","statementMap":{"0":{"start":{"line":1,"column":12},"end":{"line":1,"column":57}},"1":{"start":{"line":4,"column":10},"end":{"line":4,"column":36}},"2":{"start":{"line":5,"column":10},"end":{"line":5,"column":29}},"3":{"start":{"line":6,"column":10},"end":{"line":6,"column":29}},"4":{"start":{"line":7,"column":10},"end":{"line":7,"column":28}},"5":{"start":{"line":10,"column":4},"end":{"line":10,"column":45}},"6":{"start":{"line":10,"column":24},"end":{"line":10,"column":45}},"7":{"start":{"line":11,"column":4},"end":{"line":11,"column":16}},"8":{"start":{"line":15,"column":4},"end":{"line":15,"column":115}},"9":{"start":{"line":15,"column":72},"end":{"line":15,"column":115}},"10":{"start":{"line":16,"column":4},"end":{"line":16,"column":61}},"11":{"start":{"line":16,"column":35},"end":{"line":16,"column":61}},"12":{"start":{"line":17,"column":4},"end":{"line":17,"column":16}},"13":{"start":{"line":21,"column":4},"end":{"line":21,"column":78}},"14":{"start":{"line":21,"column":35},"end":{"line":21,"column":78}},"15":{"start":{"line":22,"column":4},"end":{"line":22,"column":72}},"16":{"start":{"line":23,"column":4},"end":{"line":23,"column":16}},"17":{"start":{"line":27,"column":4},"end":{"line":29,"column":5}},"18":{"start":{"line":28,"column":6},"end":{"line":28,"column":28}},"19":{"start":{"line":30,"column":4},"end":{"line":30,"column":87}},"20":{"start":{"line":30,"column":47},"end":{"line":30,"column":87}},"21":{"start":{"line":31,"column":4},"end":{"line":32,"column":27}},"22":{"start":{"line":31,"column":21},"end":{"line":31,"column":37}},"23":{"start":{"line":32,"column":10},"end":{"line":32,"column":27}},"24":{"start":{"line":33,"column":4},"end":{"line":33,"column":16}},"25":{"start":{"line":37,"column":4},"end":{"line":39,"column":5}},"26":{"start":{"line":38,"column":6},"end":{"line":38,"column":28}},"27":{"start":{"line":40,"column":4},"end":{"line":40,"column":87}},"28":{"start":{"line":40,"column":47},"end":{"line":40,"column":87}},"29":{"start":{"line":41,"column":4},"end":{"line":42,"column":26}},"30":{"start":{"line":41,"column":21},"end":{"line":41,"column":36}},"31":{"start":{"line":42,"column":10},"end":{"line":42,"column":26}},"32":{"start":{"line":43,"column":4},"end":{"line":43,"column":16}},"33":{"start":{"line":47,"column":4},"end":{"line":50,"column":6}},"34":{"start":{"line":54,"column":4},"end":{"line":54,"column":43}},"35":{"start":{"line":58,"column":4},"end":{"line":58,"column":46}},"36":{"start":{"line":58,"column":36},"end":{"line":58,"column":46}},"37":{"start":{"line":59,"column":4},"end":{"line":59,"column":83}},"38":{"start":{"line":63,"column":4},"end":{"line":63,"column":25}},"39":{"start":{"line":67,"column":4},"end":{"line":67,"column":22}},"40":{"start":{"line":71,"column":4},"end":{"line":71,"column":23}},"41":{"start":{"line":3,"column":0},"end":{"line":73,"column":1}}},"fnMap":{"0":{"name":"(anonymous_0)","decl":{"start":{"line":9,"column":2},"end":{"line":9,"column":13}},"loc":{"start":{"line":9,"column":38},"end":{"line":12,"column":3}}},"1":{"name":"(anonymous_1)","decl":{"start":{"line":14,"column":2},"end":{"line":14,"column":9}},"loc":{"start":{"line":14,"column":29},"end":{"line":18,"column":3}}},"2":{"name":"(anonymous_2)","decl":{"start":{"line":20,"column":2},"end":{"line":20,"column":8}},"loc":{"start":{"line":20,"column":75},"end":{"line":24,"column":3}}},"3":{"name":"(anonymous_3)","decl":{"start":{"line":26,"column":2},"end":{"line":26,"column":6}},"loc":{"start":{"line":26,"column":34},"end":{"line":34,"column":3}}},"4":{"name":"(anonymous_4)","decl":{"start":{"line":36,"column":2},"end":{"line":36,"column":5}},"loc":{"start":{"line":36,"column":33},"end":{"line":44,"column":3}}},"5":{"name":"(anonymous_5)","decl":{"start":{"line":46,"column":2},"end":{"line":46,"column":9}},"loc":{"start":{"line":46,"column":10},"end":{"line":51,"column":3}}},"6":{"name":"(anonymous_6)","decl":{"start":{"line":53,"column":2},"end":{"line":53,"column":6}},"loc":{"start":{"line":53,"column":7},"end":{"line":55,"column":3}}},"7":{"name":"(anonymous_7)","decl":{"start":{"line":57,"column":2},"end":{"line":57,"column":10}},"loc":{"start":{"line":57,"column":11},"end":{"line":60,"column":3}}},"8":{"name":"(anonymous_8)","decl":{"start":{"line":62,"column":2},"end":{"line":62,"column":9}},"loc":{"start":{"line":62,"column":10},"end":{"line":64,"column":3}}},"9":{"name":"(anonymous_9)","decl":{"start":{"line":66,"column":2},"end":{"line":66,"column":9}},"loc":{"start":{"line":66,"column":10},"end":{"line":68,"column":3}}},"10":{"name":"(anonymous_10)","decl":{"start":{"line":70,"column":2},"end":{"line":70,"column":10}},"loc":{"start":{"line":70,"column":11},"end":{"line":72,"column":3}}}},"branchMap":{"0":{"loc":{"start":{"line":9,"column":34},"end":{"line":9,"column":38}},"type":"default-arg","locations":[{"start":{"line":9,"column":34},"end":{"line":9,"column":38}}]},"1":{"loc":{"start":{"line":10,"column":4},"end":{"line":10,"column":45}},"type":"if","locations":[{"start":{"line":10,"column":4},"end":{"line":10,"column":45}},{"start":{"line":10,"column":4},"end":{"line":10,"column":45}}]},"2":{"loc":{"start":{"line":14,"column":27},"end":{"line":14,"column":29}},"type":"default-arg","locations":[{"start":{"line":14,"column":27},"end":{"line":14,"column":29}}]},"3":{"loc":{"start":{"line":15,"column":4},"end":{"line":15,"column":115}},"type":"if","locations":[{"start":{"line":15,"column":4},"end":{"line":15,"column":115}},{"start":{"line":15,"column":4},"end":{"line":15,"column":115}}]},"4":{"loc":{"start":{"line":15,"column":8},"end":{"line":15,"column":33}},"type":"binary-expr","locations":[{"start":{"line":15,"column":8},"end":{"line":15,"column":33}},{"start":{"line":15,"column":37},"end":{"line":15,"column":70}}]},"5":{"loc":{"start":{"line":16,"column":4},"end":{"line":16,"column":61}},"type":"if","locations":[{"start":{"line":16,"column":4},"end":{"line":16,"column":61}},{"start":{"line":16,"column":4},"end":{"line":16,"column":61}}]},"6":{"loc":{"start":{"line":20,"column":70},"end":{"line":20,"column":75}},"type":"default-arg","locations":[{"start":{"line":20,"column":70},"end":{"line":20,"column":75}}]},"7":{"loc":{"start":{"line":21,"column":4},"end":{"line":21,"column":78}},"type":"if","locations":[{"start":{"line":21,"column":4},"end":{"line":21,"column":78}},{"start":{"line":21,"column":4},"end":{"line":21,"column":78}}]},"8":{"loc":{"start":{"line":22,"column":65},"end":{"line":22,"column":66}},"type":"cond-expr","locations":[{"start":{"line":22,"column":65},"end":{"line":22,"column":66}},{"start":{"line":22,"column":69},"end":{"line":22,"column":71}}]},"9":{"loc":{"start":{"line":27,"column":4},"end":{"line":29,"column":5}},"type":"if","locations":[{"start":{"line":27,"column":4},"end":{"line":29,"column":5}},{"start":{"line":27,"column":4},"end":{"line":29,"column":5}}]},"10":{"loc":{"start":{"line":30,"column":4},"end":{"line":30,"column":87}},"type":"if","locations":[{"start":{"line":30,"column":4},"end":{"line":30,"column":87}},{"start":{"line":30,"column":4},"end":{"line":30,"column":87}}]},"11":{"loc":{"start":{"line":30,"column":8},"end":{"line":30,"column":19}},"type":"binary-expr","locations":[{"start":{"line":30,"column":8},"end":{"line":30,"column":19}},{"start":{"line":30,"column":23},"end":{"line":30,"column":45}}]},"12":{"loc":{"start":{"line":31,"column":4},"end":{"line":32,"column":27}},"type":"if","locations":[{"start":{"line":31,"column":4},"end":{"line":32,"column":27}},{"start":{"line":31,"column":4},"end":{"line":32,"column":27}}]},"13":{"loc":{"start":{"line":37,"column":4},"end":{"line":39,"column":5}},"type":"if","locations":[{"start":{"line":37,"column":4},"end":{"line":39,"column":5}},{"start":{"line":37,"column":4},"end":{"line":39,"column":5}}]},"14":{"loc":{"start":{"line":40,"column":4},"end":{"line":40,"column":87}},"type":"if","locations":[{"start":{"line":40,"column":4},"end":{"line":40,"column":87}},{"start":{"line":40,"column":4},"end":{"line":40,"column":87}}]},"15":{"loc":{"start":{"line":40,"column":8},"end":{"line":40,"column":19}},"type":"binary-expr","locations":[{"start":{"line":40,"column":8},"end":{"line":40,"column":19}},{"start":{"line":40,"column":23},"end":{"line":40,"column":45}}]},"16":{"loc":{"start":{"line":41,"column":4},"end":{"line":42,"column":26}},"type":"if","locations":[{"start":{"line":41,"column":4},"end":{"line":42,"column":26}},{"start":{"line":41,"column":4},"end":{"line":42,"column":26}}]},"17":{"loc":{"start":{"line":58,"column":4},"end":{"line":58,"column":46}},"type":"if","locations":[{"start":{"line":58,"column":4},"end":{"line":58,"column":46}},{"start":{"line":58,"column":4},"end":{"line":58,"column":46}}]},"18":{"loc":{"start":{"line":59,"column":42},"end":{"line":59,"column":58}},"type":"cond-expr","locations":[{"start":{"line":59,"column":42},"end":{"line":59,"column":58}},{"start":{"line":59,"column":61},"end":{"line":59,"column":82}}]}},"s":{"0":1,"1":11,"2":11,"3":11,"4":11,"5":11,"6":2,"7":11,"8":6,"9":2,"10":4,"11":4,"12":4,"13":6,"14":2,"15":4,"16":4,"17":4,"18":1,"19":4,"20":0,"21":4,"22":1,"23":3,"24":4,"25":4,"26":1,"27":4,"28":0,"29":4,"30":1,"31":3,"32":4,"33":2,"34":1,"35":7,"36":1,"37":6,"38":5,"39":5,"40":5,"41":1},"f":{"0":11,"1":6,"2":6,"3":4,"4":4,"5":2,"6":1,"7":7,"8":5,"9":5,"10":5},"b":{"0":[9],"1":[2,9],"2":[0],"3":[2,4],"4":[6,4],"5":[4,0],"6":[4],"7":[2,4],"8":[3,1],"9":[1,3],"10":[0,4],"11":[4,3],"12":[1,3],"13":[1,3],"14":[0,4],"15":[4,3],"16":[1,3],"17":[1,6],"18":[5,1]}}
}
