TN:
SF:/Users/ben/web/api.deco.ts/src/helpers/query.ts
FN:9,(anonymous_0)
FN:14,(anonymous_1)
FN:20,(anonymous_2)
FN:26,(anonymous_3)
FN:36,(anonymous_4)
FN:46,(anonymous_5)
FN:53,(anonymous_6)
FN:57,(anonymous_7)
FN:62,(anonymous_8)
FN:66,(anonymous_9)
FN:70,(anonymous_10)
FNF:11
FNH:11
FNDA:11,(anonymous_0)
FNDA:6,(anonymous_1)
FNDA:6,(anonymous_2)
FNDA:4,(anonymous_3)
FNDA:4,(anonymous_4)
FNDA:2,(anonymous_5)
FNDA:1,(anonymous_6)
FNDA:7,(anonymous_7)
FNDA:5,(anonymous_8)
FNDA:5,(anonymous_9)
FNDA:5,(anonymous_10)
DA:1,1
DA:3,1
DA:4,11
DA:5,11
DA:6,11
DA:7,11
DA:10,11
DA:11,11
DA:15,6
DA:16,4
DA:17,4
DA:21,6
DA:22,4
DA:23,4
DA:27,4
DA:28,1
DA:30,4
DA:31,4
DA:32,3
DA:33,4
DA:37,4
DA:38,1
DA:40,4
DA:41,4
DA:42,3
DA:43,4
DA:47,2
DA:54,1
DA:58,7
DA:59,6
DA:63,5
DA:67,5
DA:71,5
LF:33
LH:33
BRDA:9,0,0,9
BRDA:10,1,0,2
BRDA:10,1,1,9
BRDA:14,2,0,0
BRDA:15,3,0,2
BRDA:15,3,1,4
BRDA:15,4,0,6
BRDA:15,4,1,4
BRDA:16,5,0,4
BRDA:16,5,1,0
BRDA:20,6,0,4
BRDA:21,7,0,2
BRDA:21,7,1,4
BRDA:22,8,0,3
BRDA:22,8,1,1
BRDA:27,9,0,1
BRDA:27,9,1,3
BRDA:30,10,0,0
BRDA:30,10,1,4
BRDA:30,11,0,4
BRDA:30,11,1,3
BRDA:31,12,0,1
BRDA:31,12,1,3
BRDA:37,13,0,1
BRDA:37,13,1,3
BRDA:40,14,0,0
BRDA:40,14,1,4
BRDA:40,15,0,4
BRDA:40,15,1,3
BRDA:41,16,0,1
BRDA:41,16,1,3
BRDA:58,17,0,1
BRDA:58,17,1,6
BRDA:59,18,0,5
BRDA:59,18,1,1
BRF:35
BRH:31
end_of_record
